# JRE version: OpenJDK Runtime Environment (8.0_212-b01) (build 1.8.0_212-b01)
# Java VM: OpenJDK 64-Bit Server VM (25.212-b01 mixed mode linux-amd64 compressed oops)
Heap:
 PSYoungGen      total 65536K, used 42026K [0x00000000d6c00000, 0x00000000db900000, 0x0000000100000000)
  eden space 55296K, 57% used [0x00000000d6c00000,0x00000000d8b3d5b8,0x00000000da200000)
  from space 10240K, 98% used [0x00000000da380000,0x00000000dad4d380,0x00000000dad80000)
  to   space 11776K, 0% used [0x00000000dad80000,0x00000000dad80000,0x00000000db900000)
 ParOldGen       total 84992K, used 8915K [0x0000000084400000, 0x0000000089700000, 0x00000000d6c00000)
  object space 84992K, 10% used [0x0000000084400000,0x0000000084cb4e60,0x0000000089700000)
 Metaspace       used 14612K, capacity 14967K, committed 15104K, reserved 1062912K
  class space    used 1298K, capacity 1425K, committed 1536K, reserved 1048576K
GC Heap History (10 events):
Event: 7.213 GC heap before
{Heap before GC invocations=5 (full 0):
 PSYoungGen      total 68608K, used 66571K [0x00000000d6c00000, 0x00000000df100000, 0x0000000100000000)
  eden space 63488K, 99% used [0x00000000d6c00000,0x00000000da9dd220,0x00000000daa00000)
  from space 5120K, 62% used [0x00000000daf00000,0x00000000db225a78,0x00000000db400000)
  to   space 5120K, 0% used [0x00000000daa00000,0x00000000daa00000,0x00000000daf00000)
 ParOldGen       total 84992K, used 2914K [0x0000000084400000, 0x0000000089700000, 0x00000000d6c00000)
  object space 84992K, 3% used [0x0000000084400000,0x00000000846d8a08,0x0000000089700000)
 Metaspace       used 14397K, capacity 14815K, committed 15104K, reserved 1062912K
  class space    used 1297K, capacity 1425K, committed 1536K, reserved 1048576K
Event: 7.215 GC heap after
Heap after GC invocations=5 (full 0):
 PSYoungGen      total 66560K, used 1832K [0x00000000d6c00000, 0x00000000db900000, 0x0000000100000000)
  eden space 61440K, 0% used [0x00000000d6c00000,0x00000000d6c00000,0x00000000da800000)
  from space 5120K, 35% used [0x00000000daa00000,0x00000000dabca2f8,0x00000000daf00000)
  to   space 8704K, 0% used [0x00000000db080000,0x00000000db080000,0x00000000db900000)
 ParOldGen       total 84992K, used 2922K [0x0000000084400000, 0x0000000089700000, 0x00000000d6c00000)
  object space 84992K, 3% used [0x0000000084400000,0x00000000846daa08,0x0000000089700000)
 Metaspace       used 14397K, capacity 14815K, committed 15104K, reserved 1062912K
  class space    used 1297K, capacity 1425K, committed 1536K, reserved 1048576K
}
Event: 7.398 GC heap before
{Heap before GC invocations=6 (full 0):
 PSYoungGen      total 66560K, used 61824K [0x00000000d6c00000, 0x00000000db900000, 0x0000000100000000)
  eden space 61440K, 97% used [0x00000000d6c00000,0x00000000da696078,0x00000000da800000)
  from space 5120K, 35% used [0x00000000daa00000,0x00000000dabca2f8,0x00000000daf00000)
  to   space 8704K, 0% used [0x00000000db080000,0x00000000db080000,0x00000000db900000)
 ParOldGen       total 84992K, used 2922K [0x0000000084400000, 0x0000000089700000, 0x00000000d6c00000)
  object space 84992K, 3% used [0x0000000084400000,0x00000000846daa08,0x0000000089700000)
 Metaspace       used 14398K, capacity 14815K, committed 15104K, reserved 1062912K
  class space    used 1297K, capacity 1425K, committed 1536K, reserved 1048576K
Event: 7.401 GC heap after
Heap after GC invocations=6 (full 0):
 PSYoungGen      total 66048K, used 5332K [0x00000000d6c00000, 0x00000000db680000, 0x0000000100000000)
  eden space 59904K, 0% used [0x00000000d6c00000,0x00000000d6c00000,0x00000000da680000)
  from space 6144K, 86% used [0x00000000db080000,0x00000000db5b5178,0x00000000db680000)
  to   space 8192K, 0% used [0x00000000da680000,0x00000000da680000,0x00000000dae80000)
 ParOldGen       total 84992K, used 2922K [0x0000000084400000, 0x0000000089700000, 0x00000000d6c00000)
  object space 84992K, 3% used [0x0000000084400000,0x00000000846daa08,0x0000000089700000)
 Metaspace       used 14398K, capacity 14815K, committed 15104K, reserved 1062912K
  class space    used 1297K, capacity 1425K, committed 1536K, reserved 1048576K
}
Event: 15.438 GC heap before
{Heap before GC invocations=7 (full 0):
 PSYoungGen      total 66048K, used 65236K [0x00000000d6c00000, 0x00000000db680000, 0x0000000100000000)
  eden space 59904K, 100% used [0x00000000d6c00000,0x00000000da680000,0x00000000da680000)
  from space 6144K, 86% used [0x00000000db080000,0x00000000db5b5178,0x00000000db680000)
  to   space 8192K, 0% used [0x00000000da680000,0x00000000da680000,0x00000000dae80000)
 ParOldGen       total 84992K, used 2922K [0x0000000084400000, 0x0000000089700000, 0x00000000d6c00000)
  object space 84992K, 3% used [0x0000000084400000,0x00000000846daa08,0x0000000089700000)
 Metaspace       used 14488K, capacity 14899K, committed 15104K, reserved 1062912K
  class space    used 1298K, capacity 1425K, committed 1536K, reserved 1048576K
Event: 15.441 GC heap after
Heap after GC invocations=7 (full 0):
 PSYoungGen      total 66560K, used 7853K [0x00000000d6c00000, 0x00000000db800000, 0x0000000100000000)
  eden space 58368K, 0% used [0x00000000d6c00000,0x00000000d6c00000,0x00000000da500000)
  from space 8192K, 95% used [0x00000000da680000,0x00000000dae2b660,0x00000000dae80000)
  to   space 9728K, 0% used [0x00000000dae80000,0x00000000dae80000,0x00000000db800000)
 ParOldGen       total 84992K, used 4506K [0x0000000084400000, 0x0000000089700000, 0x00000000d6c00000)
  object space 84992K, 5% used [0x0000000084400000,0x0000000084866940,0x0000000089700000)
 Metaspace       used 14488K, capacity 14899K, committed 15104K, reserved 1062912K
  class space    used 1298K, capacity 1425K, committed 1536K, reserved 1048576K
}
Event: 17.393 GC heap before
{Heap before GC invocations=8 (full 0):
 PSYoungGen      total 66560K, used 66221K [0x00000000d6c00000, 0x00000000db800000, 0x0000000100000000)
  eden space 58368K, 100% used [0x00000000d6c00000,0x00000000da500000,0x00000000da500000)
  from space 8192K, 95% used [0x00000000da680000,0x00000000dae2b660,0x00000000dae80000)
  to   space 9728K, 0% used [0x00000000dae80000,0x00000000dae80000,0x00000000db800000)
 ParOldGen       total 84992K, used 4506K [0x0000000084400000, 0x0000000089700000, 0x00000000d6c00000)
  object space 84992K, 5% used [0x0000000084400000,0x0000000084866940,0x0000000089700000)
 Metaspace       used 14524K, capacity 14899K, committed 15104K, reserved 1062912K
  class space    used 1298K, capacity 1425K, committed 1536K, reserved 1048576K
Event: 17.395 GC heap after
Heap after GC invocations=8 (full 0):
 PSYoungGen      total 66048K, used 8134K [0x00000000d6c00000, 0x00000000db780000, 0x0000000100000000)
  eden space 56832K, 0% used [0x00000000d6c00000,0x00000000d6c00000,0x00000000da380000)
  from space 9216K, 88% used [0x00000000dae80000,0x00000000db6718d0,0x00000000db780000)
  to   space 10240K, 0% used [0x00000000da380000,0x00000000da380000,0x00000000dad80000)
 ParOldGen       total 84992K, used 4610K [0x0000000084400000, 0x0000000089700000, 0x00000000d6c00000)
  object space 84992K, 5% used [0x0000000084400000,0x0000000084880940,0x0000000089700000)
 Metaspace       used 14524K, capacity 14899K, committed 15104K, reserved 1062912K
  class space    used 1298K, capacity 1425K, committed 1536K, reserved 1048576K
}
Event: 21.406 GC heap before
{Heap before GC invocations=9 (full 0):
 PSYoungGen      total 66048K, used 64966K [0x00000000d6c00000, 0x00000000db780000, 0x0000000100000000)
  eden space 56832K, 100% used [0x00000000d6c00000,0x00000000da380000,0x00000000da380000)
  from space 9216K, 88% used [0x00000000dae80000,0x00000000db6718d0,0x00000000db780000)
  to   space 10240K, 0% used [0x00000000da380000,0x00000000da380000,0x00000000dad80000)
 ParOldGen       total 84992K, used 4672K [0x0000000084400000, 0x0000000089700000, 0x00000000d6c00000)
  object space 84992K, 5% used [0x0000000084400000,0x0000000084890350,0x0000000089700000)
 Metaspace       used 14569K, capacity 14967K, committed 15104K, reserved 1062912K
  class space    used 1298K, capacity 1425K, committed 1536K, reserved 1048576K
Event: 21.409 GC heap after
Heap after GC invocations=9 (full 0):
 PSYoungGen      total 65536K, used 10036K [0x00000000d6c00000, 0x00000000db900000, 0x0000000100000000)
  eden space 55296K, 0% used [0x00000000d6c00000,0x00000000d6c00000,0x00000000da200000)
  from space 10240K, 98% used [0x00000000da380000,0x00000000dad4d380,0x00000000dad80000)
  to   space 11776K, 0% used [0x00000000dad80000,0x00000000dad80000,0x00000000db900000)
 ParOldGen       total 84992K, used 8915K [0x0000000084400000, 0x0000000089700000, 0x00000000d6c00000)
  object space 84992K, 10% used [0x0000000084400000,0x0000000084cb4e60,0x0000000089700000)
 Metaspace       used 14569K, capacity 14967K, committed 15104K, reserved 1062912K
  class space    used 1298K, capacity 1425K, committed 1536K, reserved 1048576K
}

