# JRE version: OpenJDK Runtime Environment (8.0_212-b01) (build 1.8.0_212-b01)
# Java VM: OpenJDK 64-Bit Server VM (25.212-b01 mixed mode linux-amd64 compressed oops)
Heap:
 PSYoungGen      total 58880K, used 58135K [0x00000000d6c00000, 0x00000000dbb80000, 0x0000000100000000)
  eden space 54784K, 99% used [0x00000000d6c00000,0x00000000da126ef8,0x00000000da180000)
  from space 4096K, 90% used [0x00000000da300000,0x00000000da69ee90,0x00000000da700000)
  to   space 13312K, 0% used [0x00000000dae80000,0x00000000dae80000,0x00000000dbb80000)
 ParOldGen       total 84992K, used 11527K [0x0000000084400000, 0x0000000089700000, 0x00000000d6c00000)
  object space 84992K, 13% used [0x0000000084400000,0x0000000084f41ee0,0x0000000089700000)
 Metaspace       used 14643K, capacity 15091K, committed 15360K, reserved 1062912K
  class space    used 1301K, capacity 1425K, committed 1536K, reserved 1048576K
GC Heap History (10 events):
Event: 11.049 GC heap before
{Heap before GC invocations=5 (full 0):
 PSYoungGen      total 67584K, used 64775K [0x00000000d6c00000, 0x00000000db380000, 0x0000000100000000)
  eden space 62976K, 100% used [0x00000000d6c00000,0x00000000da980000,0x00000000da980000)
  from space 4608K, 39% used [0x00000000daf00000,0x00000000db0c1c90,0x00000000db380000)
  to   space 5120K, 0% used [0x00000000da980000,0x00000000da980000,0x00000000dae80000)
 ParOldGen       total 84992K, used 3013K [0x0000000084400000, 0x0000000089700000, 0x00000000d6c00000)
  object space 84992K, 3% used [0x0000000084400000,0x00000000846f14b8,0x0000000089700000)
 Metaspace       used 14365K, capacity 14717K, committed 14848K, reserved 1062912K
  class space    used 1290K, capacity 1422K, committed 1536K, reserved 1048576K
Event: 11.050 GC heap after
Heap after GC invocations=5 (full 0):
 PSYoungGen      total 66048K, used 2644K [0x00000000d6c00000, 0x00000000db880000, 0x0000000100000000)
  eden space 60928K, 0% used [0x00000000d6c00000,0x00000000d6c00000,0x00000000da780000)
  from space 5120K, 51% used [0x00000000da980000,0x00000000dac15190,0x00000000dae80000)
  to   space 8704K, 0% used [0x00000000db000000,0x00000000db000000,0x00000000db880000)
 ParOldGen       total 84992K, used 3021K [0x0000000084400000, 0x0000000089700000, 0x00000000d6c00000)
  object space 84992K, 3% used [0x0000000084400000,0x00000000846f34b8,0x0000000089700000)
 Metaspace       used 14365K, capacity 14717K, committed 14848K, reserved 1062912K
  class space    used 1290K, capacity 1422K, committed 1536K, reserved 1048576K
}
Event: 11.224 GC heap before
{Heap before GC invocations=6 (full 0):
 PSYoungGen      total 66048K, used 62834K [0x00000000d6c00000, 0x00000000db880000, 0x0000000100000000)
  eden space 60928K, 98% used [0x00000000d6c00000,0x00000000da6c7910,0x00000000da780000)
  from space 5120K, 51% used [0x00000000da980000,0x00000000dac15190,0x00000000dae80000)
  to   space 8704K, 0% used [0x00000000db000000,0x00000000db000000,0x00000000db880000)
 ParOldGen       total 84992K, used 3021K [0x0000000084400000, 0x0000000089700000, 0x00000000d6c00000)
  object space 84992K, 3% used [0x0000000084400000,0x00000000846f34b8,0x0000000089700000)
 Metaspace       used 14365K, capacity 14717K, committed 14848K, reserved 1062912K
  class space    used 1290K, capacity 1422K, committed 1536K, reserved 1048576K
Event: 11.227 GC heap after
Heap after GC invocations=6 (full 0):
 PSYoungGen      total 67584K, used 7088K [0x00000000d6c00000, 0x00000000db800000, 0x0000000100000000)
  eden space 59392K, 0% used [0x00000000d6c00000,0x00000000d6c00000,0x00000000da600000)
  from space 8192K, 86% used [0x00000000db000000,0x00000000db6ec260,0x00000000db800000)
  to   space 9216K, 0% used [0x00000000da600000,0x00000000da600000,0x00000000daf00000)
 ParOldGen       total 84992K, used 5657K [0x0000000084400000, 0x0000000089700000, 0x00000000d6c00000)
  object space 84992K, 6% used [0x0000000084400000,0x00000000849867a8,0x0000000089700000)
 Metaspace       used 14365K, capacity 14717K, committed 14848K, reserved 1062912K
  class space    used 1290K, capacity 1422K, committed 1536K, reserved 1048576K
}
Event: 18.029 GC heap before
{Heap before GC invocations=7 (full 0):
 PSYoungGen      total 67584K, used 62551K [0x00000000d6c00000, 0x00000000db800000, 0x0000000100000000)
  eden space 59392K, 93% used [0x00000000d6c00000,0x00000000da229cc8,0x00000000da600000)
  from space 8192K, 86% used [0x00000000db000000,0x00000000db6ec260,0x00000000db800000)
  to   space 9216K, 0% used [0x00000000da600000,0x00000000da600000,0x00000000daf00000)
 ParOldGen       total 84992K, used 5657K [0x0000000084400000, 0x0000000089700000, 0x00000000d6c00000)
  object space 84992K, 6% used [0x0000000084400000,0x00000000849867a8,0x0000000089700000)
 Metaspace       used 14520K, capacity 14891K, committed 15104K, reserved 1062912K
  class space    used 1299K, capacity 1423K, committed 1536K, reserved 1048576K
Event: 18.032 GC heap after
Heap after GC invocations=7 (full 0):
 PSYoungGen      total 67072K, used 9192K [0x00000000d6c00000, 0x00000000dbf80000, 0x0000000100000000)
  eden space 57856K, 0% used [0x00000000d6c00000,0x00000000d6c00000,0x00000000da480000)
  from space 9216K, 99% used [0x00000000da600000,0x00000000daefa250,0x00000000daf00000)
  to   space 13824K, 0% used [0x00000000db200000,0x00000000db200000,0x00000000dbf80000)
 ParOldGen       total 84992K, used 11407K [0x0000000084400000, 0x0000000089700000, 0x00000000d6c00000)
  object space 84992K, 13% used [0x0000000084400000,0x0000000084f23ee0,0x0000000089700000)
 Metaspace       used 14520K, capacity 14891K, committed 15104K, reserved 1062912K
  class space    used 1299K, capacity 1423K, committed 1536K, reserved 1048576K
}
Event: 19.749 GC heap before
{Heap before GC invocations=8 (full 0):
 PSYoungGen      total 67072K, used 64038K [0x00000000d6c00000, 0x00000000dbf80000, 0x0000000100000000)
  eden space 57856K, 94% used [0x00000000d6c00000,0x00000000da18f890,0x00000000da480000)
  from space 9216K, 99% used [0x00000000da600000,0x00000000daefa250,0x00000000daf00000)
  to   space 13824K, 0% used [0x00000000db200000,0x00000000db200000,0x00000000dbf80000)
 ParOldGen       total 84992K, used 11407K [0x0000000084400000, 0x0000000089700000, 0x00000000d6c00000)
  object space 84992K, 13% used [0x0000000084400000,0x0000000084f23ee0,0x0000000089700000)
 Metaspace       used 14552K, capacity 14891K, committed 15104K, reserved 1062912K
  class space    used 1299K, capacity 1423K, committed 1536K, reserved 1048576K
Event: 19.751 GC heap after
Heap after GC invocations=8 (full 0):
 PSYoungGen      total 68608K, used 8070K [0x00000000d6c00000, 0x00000000dbe00000, 0x0000000100000000)
  eden space 56320K, 0% used [0x00000000d6c00000,0x00000000d6c00000,0x00000000da300000)
  from space 12288K, 65% used [0x00000000db200000,0x00000000db9e18d0,0x00000000dbe00000)
  to   space 13824K, 0% used [0x00000000da300000,0x00000000da300000,0x00000000db080000)
 ParOldGen       total 84992K, used 11503K [0x0000000084400000, 0x0000000089700000, 0x00000000d6c00000)
  object space 84992K, 13% used [0x0000000084400000,0x0000000084f3bee0,0x0000000089700000)
 Metaspace       used 14552K, capacity 14891K, committed 15104K, reserved 1062912K
  class space    used 1299K, capacity 1423K, committed 1536K, reserved 1048576K
}
Event: 19.929 GC heap before
{Heap before GC invocations=9 (full 0):
 PSYoungGen      total 68608K, used 62027K [0x00000000d6c00000, 0x00000000dbe00000, 0x0000000100000000)
  eden space 56320K, 95% used [0x00000000d6c00000,0x00000000da0b1528,0x00000000da300000)
  from space 12288K, 65% used [0x00000000db200000,0x00000000db9e18d0,0x00000000dbe00000)
  to   space 13824K, 0% used [0x00000000da300000,0x00000000da300000,0x00000000db080000)
 ParOldGen       total 84992K, used 11503K [0x0000000084400000, 0x0000000089700000, 0x00000000d6c00000)
  object space 84992K, 13% used [0x0000000084400000,0x0000000084f3bee0,0x0000000089700000)
 Metaspace       used 14553K, capacity 14955K, committed 15104K, reserved 1062912K
  class space    used 1299K, capacity 1423K, committed 1536K, reserved 1048576K
Event: 19.931 GC heap after
Heap after GC invocations=9 (full 0):
 PSYoungGen      total 58880K, used 3707K [0x00000000d6c00000, 0x00000000dbb80000, 0x0000000100000000)
  eden space 54784K, 0% used [0x00000000d6c00000,0x00000000d6c00000,0x00000000da180000)
  from space 4096K, 90% used [0x00000000da300000,0x00000000da69ee90,0x00000000da700000)
  to   space 13312K, 0% used [0x00000000dae80000,0x00000000dae80000,0x00000000dbb80000)
 ParOldGen       total 84992K, used 11527K [0x0000000084400000, 0x0000000089700000, 0x00000000d6c00000)
  object space 84992K, 13% used [0x0000000084400000,0x0000000084f41ee0,0x0000000089700000)
 Metaspace       used 14553K, capacity 14955K, committed 15104K, reserved 1062912K
  class space    used 1299K, capacity 1423K, committed 1536K, reserved 1048576K
}

