# JRE version: OpenJDK Runtime Environment (8.0_212-b01) (build 1.8.0_212-b01)
# Java VM: OpenJDK 64-Bit Server VM (25.212-b01 mixed mode linux-amd64 compressed oops)
Heap:
 PSYoungGen      total 131072K, used 130284K [0x00000000d6c00000, 0x00000000dff80000, 0x0000000100000000)
  eden space 122368K, 99% used [0x00000000d6c00000,0x00000000de3398f0,0x00000000de380000)
  from space 8704K, 94% used [0x00000000de800000,0x00000000df0018d0,0x00000000df080000)
  to   space 14336K, 0% used [0x00000000df180000,0x00000000df180000,0x00000000dff80000)
 ParOldGen       total 84992K, used 20497K [0x0000000084400000, 0x0000000089700000, 0x00000000d6c00000)
  object space 84992K, 24% used [0x0000000084400000,0x0000000085804718,0x0000000089700000)
 Metaspace       used 14620K, capacity 14967K, committed 15104K, reserved 1062912K
  class space    used 1298K, capacity 1425K, committed 1536K, reserved 1048576K
GC Heap History (10 events):
Event: 1.591 GC heap before
{Heap before GC invocations=3 (full 0):
 PSYoungGen      total 36864K, used 35803K [0x00000000d6c00000, 0x00000000d9500000, 0x0000000100000000)
  eden space 31744K, 96% used [0x00000000d6c00000,0x00000000d89fec30,0x00000000d8b00000)
  from space 5120K, 99% used [0x00000000d9000000,0x00000000d94f81a0,0x00000000d9500000)
  to   space 5120K, 0% used [0x00000000d8b00000,0x00000000d8b00000,0x00000000d9000000)
 ParOldGen       total 84992K, used 1895K [0x0000000084400000, 0x0000000089700000, 0x00000000d6c00000)
  object space 84992K, 2% used [0x0000000084400000,0x00000000845d9f10,0x0000000089700000)
 Metaspace       used 13669K, capacity 13941K, committed 14208K, reserved 1062912K
  class space    used 1206K, capacity 1312K, committed 1408K, reserved 1048576K
Event: 1.594 GC heap after
Heap after GC invocations=3 (full 0):
 PSYoungGen      total 36864K, used 5108K [0x00000000d6c00000, 0x00000000db400000, 0x0000000100000000)
  eden space 31744K, 0% used [0x00000000d6c00000,0x00000000d6c00000,0x00000000d8b00000)
  from space 5120K, 99% used [0x00000000d8b00000,0x00000000d8ffd198,0x00000000d9000000)
  to   space 5120K, 0% used [0x00000000daf00000,0x00000000daf00000,0x00000000db400000)
 ParOldGen       total 84992K, used 3787K [0x0000000084400000, 0x0000000089700000, 0x00000000d6c00000)
  object space 84992K, 4% used [0x0000000084400000,0x00000000847b2f20,0x0000000089700000)
 Metaspace       used 13669K, capacity 13941K, committed 14208K, reserved 1062912K
  class space    used 1206K, capacity 1312K, committed 1408K, reserved 1048576K
}
Event: 1.690 GC heap before
{Heap before GC invocations=4 (full 0):
 PSYoungGen      total 36864K, used 36852K [0x00000000d6c00000, 0x00000000db400000, 0x0000000100000000)
  eden space 31744K, 100% used [0x00000000d6c00000,0x00000000d8b00000,0x00000000d8b00000)
  from space 5120K, 99% used [0x00000000d8b00000,0x00000000d8ffd198,0x00000000d9000000)
  to   space 5120K, 0% used [0x00000000daf00000,0x00000000daf00000,0x00000000db400000)
 ParOldGen       total 84992K, used 3787K [0x0000000084400000, 0x0000000089700000, 0x00000000d6c00000)
  object space 84992K, 4% used [0x0000000084400000,0x00000000847b2f20,0x0000000089700000)
 Metaspace       used 13673K, capacity 13941K, committed 14208K, reserved 1062912K
  class space    used 1206K, capacity 1312K, committed 1408K, reserved 1048576K
Event: 1.693 GC heap after
Heap after GC invocations=4 (full 0):
 PSYoungGen      total 68608K, used 4341K [0x00000000d6c00000, 0x00000000db400000, 0x0000000100000000)
  eden space 63488K, 0% used [0x00000000d6c00000,0x00000000d6c00000,0x00000000daa00000)
  from space 5120K, 84% used [0x00000000daf00000,0x00000000db33d608,0x00000000db400000)
  to   space 5120K, 0% used [0x00000000daa00000,0x00000000daa00000,0x00000000daf00000)
 ParOldGen       total 84992K, used 9061K [0x0000000084400000, 0x0000000089700000, 0x00000000d6c00000)
  object space 84992K, 10% used [0x0000000084400000,0x0000000084cd9500,0x0000000089700000)
 Metaspace       used 13673K, capacity 13941K, committed 14208K, reserved 1062912K
  class space    used 1206K, capacity 1312K, committed 1408K, reserved 1048576K
}
Event: 5.861 GC heap before
{Heap before GC invocations=5 (full 0):
 PSYoungGen      total 68608K, used 62915K [0x00000000d6c00000, 0x00000000db400000, 0x0000000100000000)
  eden space 63488K, 92% used [0x00000000d6c00000,0x00000000da533930,0x00000000daa00000)
  from space 5120K, 84% used [0x00000000daf00000,0x00000000db33d608,0x00000000db400000)
  to   space 5120K, 0% used [0x00000000daa00000,0x00000000daa00000,0x00000000daf00000)
 ParOldGen       total 84992K, used 9061K [0x0000000084400000, 0x0000000089700000, 0x00000000d6c00000)
  object space 84992K, 10% used [0x0000000084400000,0x0000000084cd9500,0x0000000089700000)
 Metaspace       used 14389K, capacity 14805K, committed 15104K, reserved 1062912K
  class space    used 1296K, capacity 1424K, committed 1536K, reserved 1048576K
Event: 5.865 GC heap after
Heap after GC invocations=5 (full 0):
 PSYoungGen      total 68608K, used 5112K [0x00000000d6c00000, 0x00000000e0400000, 0x0000000100000000)
  eden space 63488K, 0% used [0x00000000d6c00000,0x00000000d6c00000,0x00000000daa00000)
  from space 5120K, 99% used [0x00000000daa00000,0x00000000daefe0c0,0x00000000daf00000)
  to   space 14336K, 0% used [0x00000000df600000,0x00000000df600000,0x00000000e0400000)
 ParOldGen       total 84992K, used 18906K [0x0000000084400000, 0x0000000089700000, 0x00000000d6c00000)
  object space 84992K, 22% used [0x0000000084400000,0x0000000085676b40,0x0000000089700000)
 Metaspace       used 14389K, capacity 14805K, committed 15104K, reserved 1062912K
  class space    used 1296K, capacity 1424K, committed 1536K, reserved 1048576K
}
Event: 7.029 GC heap before
{Heap before GC invocations=6 (full 0):
 PSYoungGen      total 68608K, used 67379K [0x00000000d6c00000, 0x00000000e0400000, 0x0000000100000000)
  eden space 63488K, 98% used [0x00000000d6c00000,0x00000000da8ced90,0x00000000daa00000)
  from space 5120K, 99% used [0x00000000daa00000,0x00000000daefe0c0,0x00000000daf00000)
  to   space 14336K, 0% used [0x00000000df600000,0x00000000df600000,0x00000000e0400000)
 ParOldGen       total 84992K, used 18906K [0x0000000084400000, 0x0000000089700000, 0x00000000d6c00000)
  object space 84992K, 22% used [0x0000000084400000,0x0000000085676b40,0x0000000089700000)
 Metaspace       used 14412K, capacity 14811K, committed 15104K, reserved 1062912K
  class space    used 1297K, capacity 1425K, committed 1536K, reserved 1048576K
Event: 7.031 GC heap after
Heap after GC invocations=6 (full 0):
 PSYoungGen      total 141312K, used 1863K [0x00000000d6c00000, 0x00000000e0400000, 0x0000000100000000)
  eden space 126976K, 0% used [0x00000000d6c00000,0x00000000d6c00000,0x00000000de800000)
  from space 14336K, 12% used [0x00000000df600000,0x00000000df7d1c90,0x00000000e0400000)
  to   space 14336K, 0% used [0x00000000de800000,0x00000000de800000,0x00000000df600000)
 ParOldGen       total 84992K, used 18914K [0x0000000084400000, 0x0000000089700000, 0x00000000d6c00000)
  object space 84992K, 22% used [0x0000000084400000,0x0000000085678b40,0x0000000089700000)
 Metaspace       used 14412K, capacity 14811K, committed 15104K, reserved 1062912K
  class space    used 1297K, capacity 1425K, committed 1536K, reserved 1048576K
}
Event: 12.052 GC heap before
{Heap before GC invocations=7 (full 0):
 PSYoungGen      total 141312K, used 128839K [0x00000000d6c00000, 0x00000000e0400000, 0x0000000100000000)
  eden space 126976K, 100% used [0x00000000d6c00000,0x00000000de800000,0x00000000de800000)
  from space 14336K, 12% used [0x00000000df600000,0x00000000df7d1c90,0x00000000e0400000)
  to   space 14336K, 0% used [0x00000000de800000,0x00000000de800000,0x00000000df600000)
 ParOldGen       total 84992K, used 18914K [0x0000000084400000, 0x0000000089700000, 0x00000000d6c00000)
  object space 84992K, 22% used [0x0000000084400000,0x0000000085678b40,0x0000000089700000)
 Metaspace       used 14511K, capacity 14899K, committed 15104K, reserved 1062912K
  class space    used 1298K, capacity 1425K, committed 1536K, reserved 1048576K
Event: 12.055 GC heap after
Heap after GC invocations=7 (full 0):
 PSYoungGen      total 131072K, used 8198K [0x00000000d6c00000, 0x00000000dff80000, 0x0000000100000000)
  eden space 122368K, 0% used [0x00000000d6c00000,0x00000000d6c00000,0x00000000de380000)
  from space 8704K, 94% used [0x00000000de800000,0x00000000df0018d0,0x00000000df080000)
  to   space 14336K, 0% used [0x00000000df180000,0x00000000df180000,0x00000000dff80000)
 ParOldGen       total 84992K, used 20497K [0x0000000084400000, 0x0000000089700000, 0x00000000d6c00000)
  object space 84992K, 24% used [0x0000000084400000,0x0000000085804718,0x0000000089700000)
 Metaspace       used 14511K, capacity 14899K, committed 15104K, reserved 1062912K
  class space    used 1298K, capacity 1425K, committed 1536K, reserved 1048576K
}

